<?xml version="1.0" encoding="UTF-8"?>
<testsuite name="aggileengine.com.product.product.ProductControllerTest" tests="5" skipped="0" failures="0" errors="0" timestamp="2024-07-12T13:02:01" hostname="Gustavo-Daniel-Soares-Figueiredo-MacBook-Pro-14-inch-2023-" time="0.131">
  <properties/>
  <testcase name="testCreateProduct()" classname="aggileengine.com.product.product.ProductControllerTest" time="0.104"/>
  <testcase name="testUpdateProduct()" classname="aggileengine.com.product.product.ProductControllerTest" time="0.009"/>
  <testcase name="testGetProductById()" classname="aggileengine.com.product.product.ProductControllerTest" time="0.005"/>
  <testcase name="testDeleteProduct()" classname="aggileengine.com.product.product.ProductControllerTest" time="0.007"/>
  <testcase name="testGetAllProducts()" classname="aggileengine.com.product.product.ProductControllerTest" time="0.006"/>
  <system-out><![CDATA[2024-07-12T10:02:01.139-03:00  INFO 49780 --- [aggileengine.com.product] [    Test worker] o.s.mock.web.MockServletContext          : Initializing Spring TestDispatcherServlet ''
2024-07-12T10:02:01.139-03:00  INFO 49780 --- [aggileengine.com.product] [    Test worker] o.s.t.web.servlet.TestDispatcherServlet  : Initializing Servlet ''
2024-07-12T10:02:01.139-03:00  INFO 49780 --- [aggileengine.com.product] [    Test worker] o.s.t.web.servlet.TestDispatcherServlet  : Completed initialization in 0 ms
2024-07-12T10:02:01.217-03:00  INFO 49780 --- [aggileengine.com.product] [    Test worker] o.s.mock.web.MockServletContext          : Initializing Spring TestDispatcherServlet ''
2024-07-12T10:02:01.217-03:00  INFO 49780 --- [aggileengine.com.product] [    Test worker] o.s.t.web.servlet.TestDispatcherServlet  : Initializing Servlet ''
2024-07-12T10:02:01.217-03:00  INFO 49780 --- [aggileengine.com.product] [    Test worker] o.s.t.web.servlet.TestDispatcherServlet  : Completed initialization in 0 ms
2024-07-12T10:02:01.225-03:00  INFO 49780 --- [aggileengine.com.product] [    Test worker] o.s.mock.web.MockServletContext          : Initializing Spring TestDispatcherServlet ''
2024-07-12T10:02:01.225-03:00  INFO 49780 --- [aggileengine.com.product] [    Test worker] o.s.t.web.servlet.TestDispatcherServlet  : Initializing Servlet ''
2024-07-12T10:02:01.225-03:00  INFO 49780 --- [aggileengine.com.product] [    Test worker] o.s.t.web.servlet.TestDispatcherServlet  : Completed initialization in 0 ms
2024-07-12T10:02:01.232-03:00  INFO 49780 --- [aggileengine.com.product] [    Test worker] o.s.mock.web.MockServletContext          : Initializing Spring TestDispatcherServlet ''
2024-07-12T10:02:01.232-03:00  INFO 49780 --- [aggileengine.com.product] [    Test worker] o.s.t.web.servlet.TestDispatcherServlet  : Initializing Servlet ''
2024-07-12T10:02:01.232-03:00  INFO 49780 --- [aggileengine.com.product] [    Test worker] o.s.t.web.servlet.TestDispatcherServlet  : Completed initialization in 0 ms
2024-07-12T10:02:01.237-03:00  INFO 49780 --- [aggileengine.com.product] [    Test worker] o.s.mock.web.MockServletContext          : Initializing Spring TestDispatcherServlet ''
2024-07-12T10:02:01.237-03:00  INFO 49780 --- [aggileengine.com.product] [    Test worker] o.s.t.web.servlet.TestDispatcherServlet  : Initializing Servlet ''
2024-07-12T10:02:01.237-03:00  INFO 49780 --- [aggileengine.com.product] [    Test worker] o.s.t.web.servlet.TestDispatcherServlet  : Completed initialization in 0 ms
]]></system-out>
  <system-err><![CDATA[]]></system-err>
</testsuite>
