<?xml version="1.0" encoding="UTF-8"?>
<testsuite name="aggileengine.com.product.product.ProductServiceTest" tests="5" skipped="0" failures="0" errors="0" timestamp="2024-07-12T13:02:01" hostname="Gustavo-Daniel-Soares-Figueiredo-MacBook-Pro-14-inch-2023-" time="0.028">
  <properties/>
  <testcase name="testCreateProduct()" classname="aggileengine.com.product.product.ProductServiceTest" time="0.024"/>
  <testcase name="testUpdateProduct()" classname="aggileengine.com.product.product.ProductServiceTest" time="0.001"/>
  <testcase name="testGetProductById()" classname="aggileengine.com.product.product.ProductServiceTest" time="0.001"/>
  <testcase name="testDeleteProduct()" classname="aggileengine.com.product.product.ProductServiceTest" time="0.002"/>
  <testcase name="testGetAllProducts()" classname="aggileengine.com.product.product.ProductServiceTest" time="0.0"/>
  <system-out><![CDATA[]]></system-out>
  <system-err><![CDATA[]]></system-err>
</testsuite>
