<?xml version="1.0" encoding="UTF-8"?>
<testsuite name="aggileengine.com.product.ApplicationTests" tests="1" skipped="0" failures="0" errors="0" timestamp="2024-07-12T13:02:01" hostname="Gustavo-Daniel-Soares-Figueiredo-MacBook-Pro-14-inch-2023-" time="0.051">
  <properties/>
  <testcase name="contextLoads()" classname="aggileengine.com.product.ApplicationTests" time="0.051"/>
  <system-out><![CDATA[10:01:59.440 [Test worker] INFO org.springframework.test.context.support.AnnotationConfigContextLoaderUtils -- Could not detect default configuration classes for test class [aggileengine.com.product.ApplicationTests]: ApplicationTests does not declare any static, non-private, non-final, nested classes annotated with @Configuration.
10:01:59.480 [Test worker] INFO org.springframework.boot.test.context.SpringBootTestContextBootstrapper -- Found @SpringBootConfiguration aggileengine.com.product.Application for test class aggileengine.com.product.ApplicationTests

  .   ____          _            __ _ _
 /\\ / ___'_ __ _ _(_)_ __  __ _ \ \ \ \
( ( )\___ | '_ | '_| | '_ \/ _` | \ \ \ \
 \\/  ___)| |_)| | | | | || (_| |  ) ) ) )
  '  |____| .__|_| |_|_| |_\__, | / / / /
 =========|_|==============|___/=/_/_/_/

 :: Spring Boot ::                (v3.3.1)

2024-07-12T10:01:59.621-03:00  INFO 49780 --- [aggileengine.com.product] [    Test worker] a.com.product.ApplicationTests           : Starting ApplicationTests using Java 17.0.10 with PID 49780 (started by gustavofigueiredo in /Users/gustavofigueiredo/study/java-agile-engine)
2024-07-12T10:01:59.621-03:00  INFO 49780 --- [aggileengine.com.product] [    Test worker] a.com.product.ApplicationTests           : The following 1 profile is active: "test"
2024-07-12T10:01:59.849-03:00  INFO 49780 --- [aggileengine.com.product] [    Test worker] .s.d.r.c.RepositoryConfigurationDelegate : Bootstrapping Spring Data JPA repositories in DEFAULT mode.
2024-07-12T10:01:59.868-03:00  INFO 49780 --- [aggileengine.com.product] [    Test worker] .s.d.r.c.RepositoryConfigurationDelegate : Finished Spring Data repository scanning in 16 ms. Found 1 JPA repository interface.
2024-07-12T10:02:00.021-03:00  INFO 49780 --- [aggileengine.com.product] [    Test worker] o.hibernate.jpa.internal.util.LogHelper  : HHH000204: Processing PersistenceUnitInfo [name: default]
2024-07-12T10:02:00.040-03:00  INFO 49780 --- [aggileengine.com.product] [    Test worker] org.hibernate.Version                    : HHH000412: Hibernate ORM core version 6.5.2.Final
2024-07-12T10:02:00.050-03:00  INFO 49780 --- [aggileengine.com.product] [    Test worker] o.h.c.internal.RegionFactoryInitiator    : HHH000026: Second-level cache disabled
2024-07-12T10:02:00.146-03:00  INFO 49780 --- [aggileengine.com.product] [    Test worker] o.s.o.j.p.SpringPersistenceUnitInfo      : No LoadTimeWeaver setup: ignoring JPA class transformer
2024-07-12T10:02:00.155-03:00  INFO 49780 --- [aggileengine.com.product] [    Test worker] com.zaxxer.hikari.HikariDataSource       : HikariPool-1 - Starting...
2024-07-12T10:02:00.227-03:00  INFO 49780 --- [aggileengine.com.product] [    Test worker] com.zaxxer.hikari.pool.HikariPool        : HikariPool-1 - Added connection conn0: url=jdbc:h2:mem:testdb user=SA
2024-07-12T10:02:00.228-03:00  INFO 49780 --- [aggileengine.com.product] [    Test worker] com.zaxxer.hikari.HikariDataSource       : HikariPool-1 - Start completed.
2024-07-12T10:02:00.237-03:00  WARN 49780 --- [aggileengine.com.product] [    Test worker] org.hibernate.orm.deprecation            : HHH90000025: H2Dialect does not need to be specified explicitly using 'hibernate.dialect' (remove the property setting and it will be selected by default)
2024-07-12T10:02:00.527-03:00  INFO 49780 --- [aggileengine.com.product] [    Test worker] o.h.e.t.j.p.i.JtaPlatformInitiator       : HHH000489: No JTA platform available (set 'hibernate.transaction.jta.platform' to enable JTA platform integration)
2024-07-12T10:02:00.541-03:00  INFO 49780 --- [aggileengine.com.product] [    Test worker] j.LocalContainerEntityManagerFactoryBean : Initialized JPA EntityManagerFactory for persistence unit 'default'
2024-07-12T10:02:00.706-03:00  WARN 49780 --- [aggileengine.com.product] [    Test worker] JpaBaseConfiguration$JpaWebConfiguration : spring.jpa.open-in-view is enabled by default. Therefore, database queries may be performed during view rendering. Explicitly configure spring.jpa.open-in-view to disable this warning
2024-07-12T10:02:01.050-03:00  INFO 49780 --- [aggileengine.com.product] [    Test worker] a.com.product.ApplicationTests           : Started ApplicationTests in 1.51 seconds (process running for 1.979)
]]></system-out>
  <system-err><![CDATA[]]></system-err>
</testsuite>
